# JRE version: OpenJDK Runtime Environment (8.0_212-b04) (build 1.8.0_212-b04)
# Java VM: OpenJDK 64-Bit Server VM (25.212-b04 mixed mode windows-amd64 compressed oops)
Heap:
 PSYoungGen      total 131584K, used 9851K [0x000000076af00000, 0x0000000774100000, 0x00000007c0000000)
  eden space 122880K, 4% used [0x000000076af00000,0x000000076b3ccda8,0x0000000772700000)
  from space 8704K, 56% used [0x0000000773880000,0x0000000773d52020,0x0000000774100000)
  to   space 13312K, 0% used [0x0000000772700000,0x0000000772700000,0x0000000773400000)
 ParOldGen       total 175104K, used 50560K [0x00000006c0c00000, 0x00000006cb700000, 0x000000076af00000)
  object space 175104K, 28% used [0x00000006c0c00000,0x00000006c3d603c0,0x00000006cb700000)
 Metaspace       used 13481K, capacity 13701K, committed 13824K, reserved 1062912K
  class space    used 1209K, capacity 1261K, committed 1280K, reserved 1048576K
GC Heap History (10 events):
Event: 1.407 GC heap before
{Heap before GC invocations=2 (full 0):
 PSYoungGen      total 76288K, used 71506K [0x000000076af00000, 0x0000000770400000, 0x00000007c0000000)
  eden space 65536K, 100% used [0x000000076af00000,0x000000076ef00000,0x000000076ef00000)
  from space 10752K, 55% used [0x000000076ef00000,0x000000076f4d4818,0x000000076f980000)
  to   space 10752K, 0% used [0x000000076f980000,0x000000076f980000,0x0000000770400000)
 ParOldGen       total 175104K, used 36880K [0x00000006c0c00000, 0x00000006cb700000, 0x000000076af00000)
  object space 175104K, 21% used [0x00000006c0c00000,0x00000006c3004030,0x00000006cb700000)
 Metaspace       used 11314K, capacity 11443K, committed 11648K, reserved 1060864K
  class space    used 1086K, capacity 1146K, committed 1152K, reserved 1048576K
Event: 1.408 GC heap after
Heap after GC invocations=2 (full 0):
 PSYoungGen      total 76288K, used 3862K [0x000000076af00000, 0x0000000770400000, 0x00000007c0000000)
  eden space 65536K, 0% used [0x000000076af00000,0x000000076af00000,0x000000076ef00000)
  from space 10752K, 35% used [0x000000076f980000,0x000000076fd45a00,0x0000000770400000)
  to   space 10752K, 0% used [0x000000076ef00000,0x000000076ef00000,0x000000076f980000)
 ParOldGen       total 175104K, used 36888K [0x00000006c0c00000, 0x00000006cb700000, 0x000000076af00000)
  object space 175104K, 21% used [0x00000006c0c00000,0x00000006c3006030,0x00000006cb700000)
 Metaspace       used 11314K, capacity 11443K, committed 11648K, reserved 1060864K
  class space    used 1086K, capacity 1146K, committed 1152K, reserved 1048576K
}
Event: 1.649 GC heap before
{Heap before GC invocations=3 (full 0):
 PSYoungGen      total 76288K, used 69398K [0x000000076af00000, 0x0000000770400000, 0x00000007c0000000)
  eden space 65536K, 100% used [0x000000076af00000,0x000000076ef00000,0x000000076ef00000)
  from space 10752K, 35% used [0x000000076f980000,0x000000076fd45a00,0x0000000770400000)
  to   space 10752K, 0% used [0x000000076ef00000,0x000000076ef00000,0x000000076f980000)
 ParOldGen       total 175104K, used 36888K [0x00000006c0c00000, 0x00000006cb700000, 0x000000076af00000)
  object space 175104K, 21% used [0x00000006c0c00000,0x00000006c3006030,0x00000006cb700000)
 Metaspace       used 11319K, capacity 11443K, committed 11648K, reserved 1060864K
  class space    used 1086K, capacity 1146K, committed 1152K, reserved 1048576K
Event: 1.654 GC heap after
Heap after GC invocations=3 (full 0):
 PSYoungGen      total 76288K, used 9220K [0x000000076af00000, 0x0000000774400000, 0x00000007c0000000)
  eden space 65536K, 0% used [0x000000076af00000,0x000000076af00000,0x000000076ef00000)
  from space 10752K, 85% used [0x000000076ef00000,0x000000076f8013c0,0x000000076f980000)
  to   space 10752K, 0% used [0x0000000773980000,0x0000000773980000,0x0000000774400000)
 ParOldGen       total 175104K, used 49852K [0x00000006c0c00000, 0x00000006cb700000, 0x000000076af00000)
  object space 175104K, 28% used [0x00000006c0c00000,0x00000006c3caf3b0,0x00000006cb700000)
 Metaspace       used 11319K, capacity 11443K, committed 11648K, reserved 1060864K
  class space    used 1086K, capacity 1146K, committed 1152K, reserved 1048576K
}
Event: 1.920 GC heap before
{Heap before GC invocations=4 (full 0):
 PSYoungGen      total 76288K, used 74756K [0x000000076af00000, 0x0000000774400000, 0x00000007c0000000)
  eden space 65536K, 100% used [0x000000076af00000,0x000000076ef00000,0x000000076ef00000)
  from space 10752K, 85% used [0x000000076ef00000,0x000000076f8013c0,0x000000076f980000)
  to   space 10752K, 0% used [0x0000000773980000,0x0000000773980000,0x0000000774400000)
 ParOldGen       total 175104K, used 49852K [0x00000006c0c00000, 0x00000006cb700000, 0x000000076af00000)
  object space 175104K, 28% used [0x00000006c0c00000,0x00000006c3caf3b0,0x00000006cb700000)
 Metaspace       used 11472K, capacity 11621K, committed 11776K, reserved 1060864K
  class space    used 1108K, capacity 1181K, committed 1280K, reserved 1048576K
Event: 1.923 GC heap after
Heap after GC invocations=4 (full 0):
 PSYoungGen      total 141824K, used 10733K [0x000000076af00000, 0x0000000774400000, 0x00000007c0000000)
  eden space 131072K, 0% used [0x000000076af00000,0x000000076af00000,0x0000000772f00000)
  from space 10752K, 99% used [0x0000000773980000,0x00000007743fb730,0x0000000774400000)
  to   space 10752K, 0% used [0x0000000772f00000,0x0000000772f00000,0x0000000773980000)
 ParOldGen       total 175104K, used 50544K [0x00000006c0c00000, 0x00000006cb700000, 0x000000076af00000)
  object space 175104K, 28% used [0x00000006c0c00000,0x00000006c3d5c3c0,0x00000006cb700000)
 Metaspace       used 11472K, capacity 11621K, committed 11776K, reserved 1060864K
  class space    used 1108K, capacity 1181K, committed 1280K, reserved 1048576K
}
Event: 2.283 GC heap before
{Heap before GC invocations=5 (full 0):
 PSYoungGen      total 141824K, used 141805K [0x000000076af00000, 0x0000000774400000, 0x00000007c0000000)
  eden space 131072K, 100% used [0x000000076af00000,0x0000000772f00000,0x0000000772f00000)
  from space 10752K, 99% used [0x0000000773980000,0x00000007743fb730,0x0000000774400000)
  to   space 10752K, 0% used [0x0000000772f00000,0x0000000772f00000,0x0000000773980000)
 ParOldGen       total 175104K, used 50544K [0x00000006c0c00000, 0x00000006cb700000, 0x000000076af00000)
  object space 175104K, 28% used [0x00000006c0c00000,0x00000006c3d5c3c0,0x00000006cb700000)
 Metaspace       used 12030K, capacity 12225K, committed 12544K, reserved 1060864K
  class space    used 1163K, capacity 1223K, committed 1280K, reserved 1048576K
Event: 2.285 GC heap after
Heap after GC invocations=5 (full 0):
 PSYoungGen      total 130560K, used 3369K [0x000000076af00000, 0x0000000774600000, 0x00000007c0000000)
  eden space 126976K, 0% used [0x000000076af00000,0x000000076af00000,0x0000000772b00000)
  from space 3584K, 94% used [0x0000000772f00000,0x000000077324a718,0x0000000773280000)
  to   space 13824K, 0% used [0x0000000773880000,0x0000000773880000,0x0000000774600000)
 ParOldGen       total 175104K, used 50552K [0x00000006c0c00000, 0x00000006cb700000, 0x000000076af00000)
  object space 175104K, 28% used [0x00000006c0c00000,0x00000006c3d5e3c0,0x00000006cb700000)
 Metaspace       used 12030K, capacity 12225K, committed 12544K, reserved 1060864K
  class space    used 1163K, capacity 1223K, committed 1280K, reserved 1048576K
}
Event: 89.901 GC heap before
{Heap before GC invocations=6 (full 0):
 PSYoungGen      total 130560K, used 130345K [0x000000076af00000, 0x0000000774600000, 0x00000007c0000000)
  eden space 126976K, 100% used [0x000000076af00000,0x0000000772b00000,0x0000000772b00000)
  from space 3584K, 94% used [0x0000000772f00000,0x000000077324a718,0x0000000773280000)
  to   space 13824K, 0% used [0x0000000773880000,0x0000000773880000,0x0000000774600000)
 ParOldGen       total 175104K, used 50552K [0x00000006c0c00000, 0x00000006cb700000, 0x000000076af00000)
  object space 175104K, 28% used [0x00000006c0c00000,0x00000006c3d5e3c0,0x00000006cb700000)
 Metaspace       used 13472K, capacity 13637K, committed 13824K, reserved 1062912K
  class space    used 1208K, capacity 1261K, committed 1280K, reserved 1048576K
Event: 89.909 GC heap after
Heap after GC invocations=6 (full 0):
 PSYoungGen      total 131584K, used 4936K [0x000000076af00000, 0x0000000774100000, 0x00000007c0000000)
  eden space 122880K, 0% used [0x000000076af00000,0x000000076af00000,0x0000000772700000)
  from space 8704K, 56% used [0x0000000773880000,0x0000000773d52020,0x0000000774100000)
  to   space 13312K, 0% used [0x0000000772700000,0x0000000772700000,0x0000000773400000)
 ParOldGen       total 175104K, used 50560K [0x00000006c0c00000, 0x00000006cb700000, 0x000000076af00000)
  object space 175104K, 28% used [0x00000006c0c00000,0x00000006c3d603c0,0x00000006cb700000)
 Metaspace       used 13472K, capacity 13637K, committed 13824K, reserved 1062912K
  class space    used 1208K, capacity 1261K, committed 1280K, reserved 1048576K
}

